<html>
<head>
<title>TestNG:  ReqresRestAPISuite</title>
<link href="../testng.css" rel="stylesheet" type="text/css" />
<link href="../my-testng.css" rel="stylesheet" type="text/css" />

<style type="text/css">
.log { display: none;} 
.stack-trace { display: none;} 
</style>
<script type="text/javascript">
<!--
function flip(e) {
  current = e.style.display;
  if (current == 'block') {
    e.style.display = 'none';
    return 0;
  }
  else {
    e.style.display = 'block';
    return 1;
  }
}

function toggleBox(szDivId, elem, msg1, msg2)
{
  var res = -1;  if (document.getElementById) {
    res = flip(document.getElementById(szDivId));
  }
  else if (document.all) {
    // this is the way old msie versions work
    res = flip(document.all[szDivId]);
  }
  if(elem) {
    if(res == 0) elem.innerHTML = msg1; else elem.innerHTML = msg2;
  }

}

function toggleAllBoxes() {
  if (document.getElementsByTagName) {
    d = document.getElementsByTagName('div');
    for (i = 0; i < d.length; i++) {
      if (d[i].className == 'log') {
        flip(d[i]);
      }
    }
  }
}

// -->
</script>

</head>
<body>
<h2 align='center'>ReqresRestAPISuite</h2><table border='1' align="center">
<tr>
<td>Tests passed/Failed/Skipped:</td><td>22/2/0</td>
</tr><tr>
<td>Started on:</td><td>Mon Nov 27 11:02:22 IST 2023</td>
</tr>
<tr><td>Total time:</td><td>7 seconds (7040 ms)</td>
</tr><tr>
<td>Included groups:</td><td></td>
</tr><tr>
<td>Excluded groups:</td><td></td>
</tr>
</table><p/>
<small><i>(Hover the method name to see the test class name)</i></small><p/>
<table width='100%' border='1' class='invocation-failed'>
<tr><td colspan='4' align='center'><b>FAILED TESTS</b></td></tr>
<tr><td><b>Test method</b></td>
<td><b>Attribute(s)</b></td>
<td width="30%"><b>Exception</b></td>
<td width="10%"><b>Time (seconds)</b></td>
<td><b>Instance</b></td>
</tr>
<tr>
<td title='com.reqres.TestCases.TC003_POST_Userdetail.checkResponseBody()'><b>checkResponseBody</b><br>Test class: com.reqres.TestCases.TC003_POST_Userdetail<br>Test method: Checking ResponseBody</td>
<td><div><pre>java.lang.AssertionError: Test failed due to an exception: Schema to use cannot be null
	at com.reqres.Base.BaseClass.checkResponseBody(BaseClass.java:196)
	at com.reqres.TestCases.TC003_POST_Userdetail.checkResponseBody(TC003_POST_Userdetail.java:52)
	at java.base/java.util.ArrayList.forEach(ArrayList.java:1511)
... Removed 28 stack frames</pre></div><a href='#' onClick='toggleBox("stack-trace939517171", this, "Click to show all stack frames", "Click to hide stack frames")'>Click to show all stack frames</a>
<div class='stack-trace' id='stack-trace939517171'><pre>java.lang.AssertionError: Test failed due to an exception: Schema to use cannot be null
	at org.testng.Assert.fail(Assert.java:111)
	at com.reqres.Base.BaseClass.checkResponseBody(BaseClass.java:196)
	at com.reqres.TestCases.TC003_POST_Userdetail.checkResponseBody(TC003_POST_Userdetail.java:52)
	at java.base/jdk.internal.reflect.NativeMethodAccessorImpl.invoke0(Native Method)
	at java.base/jdk.internal.reflect.NativeMethodAccessorImpl.invoke(NativeMethodAccessorImpl.java:77)
	at java.base/jdk.internal.reflect.DelegatingMethodAccessorImpl.invoke(DelegatingMethodAccessorImpl.java:43)
	at java.base/java.lang.reflect.Method.invoke(Method.java:568)
	at org.testng.internal.invokers.MethodInvocationHelper.invokeMethod(MethodInvocationHelper.java:139)
	at org.testng.internal.invokers.TestInvoker.invokeMethod(TestInvoker.java:664)
	at org.testng.internal.invokers.TestInvoker.invokeTestMethod(TestInvoker.java:227)
	at org.testng.internal.invokers.MethodRunner.runInSequence(MethodRunner.java:50)
	at org.testng.internal.invokers.TestInvoker$MethodInvocationAgent.invoke(TestInvoker.java:957)
	at org.testng.internal.invokers.TestInvoker.invokeTestMethods(TestInvoker.java:200)
	at org.testng.internal.invokers.TestMethodWorker.invokeTestMethods(TestMethodWorker.java:148)
	at org.testng.internal.invokers.TestMethodWorker.run(TestMethodWorker.java:128)
	at java.base/java.util.ArrayList.forEach(ArrayList.java:1511)
	at org.testng.TestRunner.privateRun(TestRunner.java:848)
	at org.testng.TestRunner.run(TestRunner.java:621)
	at org.testng.SuiteRunner.runTest(SuiteRunner.java:443)
	at org.testng.SuiteRunner.runSequentially(SuiteRunner.java:437)
	at org.testng.SuiteRunner.privateRun(SuiteRunner.java:397)
	at org.testng.SuiteRunner.run(SuiteRunner.java:336)
	at org.testng.SuiteRunnerWorker.runSuite(SuiteRunnerWorker.java:52)
	at org.testng.SuiteRunnerWorker.run(SuiteRunnerWorker.java:95)
	at org.testng.TestNG.runSuitesSequentially(TestNG.java:1280)
	at org.testng.TestNG.runSuitesLocally(TestNG.java:1200)
	at org.testng.TestNG.runSuites(TestNG.java:1114)
	at org.testng.TestNG.run(TestNG.java:1082)
	at org.testng.remote.AbstractRemoteTestNG.run(AbstractRemoteTestNG.java:115)
	at org.testng.remote.RemoteTestNG.initAndRun(RemoteTestNG.java:251)
	at org.testng.remote.RemoteTestNG.main(RemoteTestNG.java:77)
</pre></div></td>
<td>0</td>
<td>com.reqres.TestCases.TC003_POST_Userdetail@47a64f7d</td></tr>
<tr>
<td title='com.reqres.TestCases.TC004_PUT_Userdetail.checkResponseBody()'><b>checkResponseBody</b><br>Test class: com.reqres.TestCases.TC004_PUT_Userdetail<br>Test method: Checking ResponseBody</td>
<td><div><pre>java.lang.AssertionError: Test failed due to an exception: Schema to use cannot be null
	at com.reqres.Base.BaseClass.checkResponseBody(BaseClass.java:196)
	at com.reqres.TestCases.TC004_PUT_Userdetail.checkResponseBody(TC004_PUT_Userdetail.java:44)
	at java.base/java.util.ArrayList.forEach(ArrayList.java:1511)
... Removed 28 stack frames</pre></div><a href='#' onClick='toggleBox("stack-trace1052362101", this, "Click to show all stack frames", "Click to hide stack frames")'>Click to show all stack frames</a>
<div class='stack-trace' id='stack-trace1052362101'><pre>java.lang.AssertionError: Test failed due to an exception: Schema to use cannot be null
	at org.testng.Assert.fail(Assert.java:111)
	at com.reqres.Base.BaseClass.checkResponseBody(BaseClass.java:196)
	at com.reqres.TestCases.TC004_PUT_Userdetail.checkResponseBody(TC004_PUT_Userdetail.java:44)
	at java.base/jdk.internal.reflect.NativeMethodAccessorImpl.invoke0(Native Method)
	at java.base/jdk.internal.reflect.NativeMethodAccessorImpl.invoke(NativeMethodAccessorImpl.java:77)
	at java.base/jdk.internal.reflect.DelegatingMethodAccessorImpl.invoke(DelegatingMethodAccessorImpl.java:43)
	at java.base/java.lang.reflect.Method.invoke(Method.java:568)
	at org.testng.internal.invokers.MethodInvocationHelper.invokeMethod(MethodInvocationHelper.java:139)
	at org.testng.internal.invokers.TestInvoker.invokeMethod(TestInvoker.java:664)
	at org.testng.internal.invokers.TestInvoker.invokeTestMethod(TestInvoker.java:227)
	at org.testng.internal.invokers.MethodRunner.runInSequence(MethodRunner.java:50)
	at org.testng.internal.invokers.TestInvoker$MethodInvocationAgent.invoke(TestInvoker.java:957)
	at org.testng.internal.invokers.TestInvoker.invokeTestMethods(TestInvoker.java:200)
	at org.testng.internal.invokers.TestMethodWorker.invokeTestMethods(TestMethodWorker.java:148)
	at org.testng.internal.invokers.TestMethodWorker.run(TestMethodWorker.java:128)
	at java.base/java.util.ArrayList.forEach(ArrayList.java:1511)
	at org.testng.TestRunner.privateRun(TestRunner.java:848)
	at org.testng.TestRunner.run(TestRunner.java:621)
	at org.testng.SuiteRunner.runTest(SuiteRunner.java:443)
	at org.testng.SuiteRunner.runSequentially(SuiteRunner.java:437)
	at org.testng.SuiteRunner.privateRun(SuiteRunner.java:397)
	at org.testng.SuiteRunner.run(SuiteRunner.java:336)
	at org.testng.SuiteRunnerWorker.runSuite(SuiteRunnerWorker.java:52)
	at org.testng.SuiteRunnerWorker.run(SuiteRunnerWorker.java:95)
	at org.testng.TestNG.runSuitesSequentially(TestNG.java:1280)
	at org.testng.TestNG.runSuitesLocally(TestNG.java:1200)
	at org.testng.TestNG.runSuites(TestNG.java:1114)
	at org.testng.TestNG.run(TestNG.java:1082)
	at org.testng.remote.AbstractRemoteTestNG.run(AbstractRemoteTestNG.java:115)
	at org.testng.remote.RemoteTestNG.initAndRun(RemoteTestNG.java:251)
	at org.testng.remote.RemoteTestNG.main(RemoteTestNG.java:77)
</pre></div></td>
<td>0</td>
<td>com.reqres.TestCases.TC004_PUT_Userdetail@33d05366</td></tr>
</table><p>
<table width='100%' border='1' class='invocation-passed'>
<tr><td colspan='4' align='center'><b>PASSED TESTS</b></td></tr>
<tr><td><b>Test method</b></td>
<td><b>Attribute(s)</b></td>
<td width="30%"><b>Exception</b></td>
<td width="10%"><b>Time (seconds)</b></td>
<td><b>Instance</b></td>
</tr>
<tr>
<td title='com.reqres.TestCases.TC003_POST_Userdetail.checkStatusLine()'><b>checkStatusLine</b><br>Test class: com.reqres.TestCases.TC003_POST_Userdetail<br>Test method: Validating the StatusLine</td>
<td></td>
<td>0</td>
<td>com.reqres.TestCases.TC003_POST_Userdetail@47a64f7d</td></tr>
<tr>
<td title='com.reqres.TestCases.TC004_PUT_Userdetail.checkStatusCode()'><b>checkStatusCode</b><br>Test class: com.reqres.TestCases.TC004_PUT_Userdetail<br>Test method: Validating the StatusCode</td>
<td></td>
<td>0</td>
<td>com.reqres.TestCases.TC004_PUT_Userdetail@33d05366</td></tr>
<tr>
<td title='com.reqres.TestCases.TC001_GET_AllUsers.checkStatusCode()'><b>checkStatusCode</b><br>Test class: com.reqres.TestCases.TC001_GET_AllUsers<br>Test method: Validating the StatusCode</td>
<td></td>
<td>0</td>
<td>com.reqres.TestCases.TC001_GET_AllUsers@7561db12</td></tr>
<tr>
<td title='com.reqres.TestCases.TC003_POST_Userdetail.checkContentType()'><b>checkContentType</b><br>Test class: com.reqres.TestCases.TC003_POST_Userdetail<br>Test method: Validating the ContentType</td>
<td></td>
<td>0</td>
<td>com.reqres.TestCases.TC003_POST_Userdetail@47a64f7d</td></tr>
<tr>
<td title='com.reqres.TestCases.TC004_PUT_Userdetail.checkStatusLine()'><b>checkStatusLine</b><br>Test class: com.reqres.TestCases.TC004_PUT_Userdetail<br>Test method: Validating the StatusLine</td>
<td></td>
<td>0</td>
<td>com.reqres.TestCases.TC004_PUT_Userdetail@33d05366</td></tr>
<tr>
<td title='com.reqres.TestCases.TC002_GET_SingleUser.checkResponseBody()'><b>checkResponseBody</b><br>Test class: com.reqres.TestCases.TC002_GET_SingleUser<br>Test method: Validating the ResponseBody</td>
<td></td>
<td>0</td>
<td>com.reqres.TestCases.TC002_GET_SingleUser@79f227a9</td></tr>
<tr>
<td title='com.reqres.TestCases.TC005_DELETE_Userdetail.validateResponseBody()'><b>validateResponseBody</b><br>Test class: com.reqres.TestCases.TC005_DELETE_Userdetail<br>Test method: Validating the ResponseBody</td>
<td></td>
<td>0</td>
<td>com.reqres.TestCases.TC005_DELETE_Userdetail@27a0a5a2</td></tr>
<tr>
<td title='com.reqres.TestCases.TC002_GET_SingleUser.checkStatusLine()'><b>checkStatusLine</b><br>Test class: com.reqres.TestCases.TC002_GET_SingleUser<br>Test method: Validating the StatusLine</td>
<td></td>
<td>0</td>
<td>com.reqres.TestCases.TC002_GET_SingleUser@79f227a9</td></tr>
<tr>
<td title='com.reqres.TestCases.TC002_GET_SingleUser.checkStatusCode()'><b>checkStatusCode</b><br>Test class: com.reqres.TestCases.TC002_GET_SingleUser<br>Test method: Validating the StatusCode</td>
<td></td>
<td>0</td>
<td>com.reqres.TestCases.TC002_GET_SingleUser@79f227a9</td></tr>
<tr>
<td title='com.reqres.TestCases.Authentication.BearerTokenGithubRepo()'><b>BearerTokenGithubRepo</b><br>Test class: com.reqres.TestCases.Authentication<br>Test method: Bearer token</td>
<td></td>
<td>0</td>
<td>com.reqres.TestCases.Authentication@7692cd34</td></tr>
<tr>
<td title='com.reqres.TestCases.TC002_GET_SingleUser.checkResponseTime()'><b>checkResponseTime</b><br>Test class: com.reqres.TestCases.TC002_GET_SingleUser<br>Test method: Validating the ResponseTime</td>
<td></td>
<td>0</td>
<td>com.reqres.TestCases.TC002_GET_SingleUser@79f227a9</td></tr>
<tr>
<td title='com.reqres.TestCases.TC001_GET_AllUsers.checkResponseTime()'><b>checkResponseTime</b><br>Test class: com.reqres.TestCases.TC001_GET_AllUsers<br>Test method: Validating the ResponseTime</td>
<td></td>
<td>0</td>
<td>com.reqres.TestCases.TC001_GET_AllUsers@7561db12</td></tr>
<tr>
<td title='com.reqres.TestCases.TC005_DELETE_Userdetail.checkStatusCode()'><b>checkStatusCode</b><br>Test class: com.reqres.TestCases.TC005_DELETE_Userdetail<br>Test method: Validating the StatusCode</td>
<td></td>
<td>0</td>
<td>com.reqres.TestCases.TC005_DELETE_Userdetail@27a0a5a2</td></tr>
<tr>
<td title='com.reqres.TestCases.Authentication.BasicAuth()'><b>BasicAuth</b><br>Test class: com.reqres.TestCases.Authentication<br>Test method: Basic Authentication</td>
<td></td>
<td>1</td>
<td>com.reqres.TestCases.Authentication@7692cd34</td></tr>
<tr>
<td title='com.reqres.TestCases.TC001_GET_AllUsers.checkResponseBody()'><b>checkResponseBody</b><br>Test class: com.reqres.TestCases.TC001_GET_AllUsers<br>Test method: Validating the ResponseBody</td>
<td></td>
<td>0</td>
<td>com.reqres.TestCases.TC001_GET_AllUsers@7561db12</td></tr>
<tr>
<td title='com.reqres.TestCases.TC001_GET_AllUsers.checkContentType()'><b>checkContentType</b><br>Test class: com.reqres.TestCases.TC001_GET_AllUsers<br>Test method: Validating the ContentType</td>
<td></td>
<td>0</td>
<td>com.reqres.TestCases.TC001_GET_AllUsers@7561db12</td></tr>
<tr>
<td title='com.reqres.TestCases.TC003_POST_Userdetail.validateResponseBody()'><b>validateResponseBody</b><br>Test class: com.reqres.TestCases.TC003_POST_Userdetail<br>Test method: Validating the ResponseBody</td>
<td></td>
<td>0</td>
<td>com.reqres.TestCases.TC003_POST_Userdetail@47a64f7d</td></tr>
<tr>
<td title='com.reqres.TestCases.TC001_GET_AllUsers.checkStatusLine()'><b>checkStatusLine</b><br>Test class: com.reqres.TestCases.TC001_GET_AllUsers<br>Test method: Validating the StatusLine</td>
<td></td>
<td>0</td>
<td>com.reqres.TestCases.TC001_GET_AllUsers@7561db12</td></tr>
<tr>
<td title='com.reqres.TestCases.TC005_DELETE_Userdetail.checkStatusLine()'><b>checkStatusLine</b><br>Test class: com.reqres.TestCases.TC005_DELETE_Userdetail<br>Test method: Validating the StatusLine</td>
<td></td>
<td>0</td>
<td>com.reqres.TestCases.TC005_DELETE_Userdetail@27a0a5a2</td></tr>
<tr>
<td title='com.reqres.TestCases.TC002_GET_SingleUser.checkContentType()'><b>checkContentType</b><br>Test class: com.reqres.TestCases.TC002_GET_SingleUser<br>Test method: Validating the ContentType</td>
<td></td>
<td>0</td>
<td>com.reqres.TestCases.TC002_GET_SingleUser@79f227a9</td></tr>
<tr>
<td title='com.reqres.TestCases.TC003_POST_Userdetail.checkStatusCode()'><b>checkStatusCode</b><br>Test class: com.reqres.TestCases.TC003_POST_Userdetail<br>Test method: Validating the StatusCode</td>
<td></td>
<td>0</td>
<td>com.reqres.TestCases.TC003_POST_Userdetail@47a64f7d</td></tr>
<tr>
<td title='com.reqres.TestCases.TC004_PUT_Userdetail.checkContentType()'><b>checkContentType</b><br>Test class: com.reqres.TestCases.TC004_PUT_Userdetail<br>Test method: Validating the ContentType</td>
<td></td>
<td>0</td>
<td>com.reqres.TestCases.TC004_PUT_Userdetail@33d05366</td></tr>
</table><p>
</body>
</html>